[debug] [2025-12-14T18:54:58.333Z] ----------------------------------------------------------------------
[debug] [2025-12-14T18:54:58.337Z] Command:       /usr/local/bin/node /usr/local/bin/firebase deploy
[debug] [2025-12-14T18:54:58.338Z] CLI Version:   14.9.0
[debug] [2025-12-14T18:54:58.338Z] Platform:      darwin
[debug] [2025-12-14T18:54:58.338Z] Node Version:  v22.16.0
[debug] [2025-12-14T18:54:58.338Z] Time:          Sun Dec 14 2025 19:54:58 GMT+0100 (West Africa Standard Time)
[debug] [2025-12-14T18:54:58.339Z] ----------------------------------------------------------------------
[debug] 
[debug] [2025-12-14T18:54:58.677Z] > command requires scopes: ["email","openid","https://www.googleapis.com/auth/cloudplatformprojects.readonly","https://www.googleapis.com/auth/firebase","https://www.googleapis.com/auth/cloud-platform"]
[debug] [2025-12-14T18:54:58.678Z] > authorizing via signed-in user (abdulazizladan@gmail.com)
[debug] [2025-12-14T18:54:58.678Z] [iam] checking project dove-218 for permissions ["firebase.projects.get","firebasehosting.sites.update"]
[debug] [2025-12-14T18:54:58.680Z] Checked if tokens are valid: false, expires at: 1765729364972
[debug] [2025-12-14T18:54:58.680Z] Checked if tokens are valid: false, expires at: 1765729364972
[debug] [2025-12-14T18:54:58.680Z] > refreshing access token with scopes: []
[debug] [2025-12-14T18:54:58.682Z] >>> [apiv2][query] POST https://www.googleapis.com/oauth2/v3/token [none]
[debug] [2025-12-14T18:54:58.683Z] >>> [apiv2][body] POST https://www.googleapis.com/oauth2/v3/token [omitted]
[debug] [2025-12-14T18:55:09.075Z] *** [apiv2] error from fetch(https://www.googleapis.com/oauth2/v3/token, {"headers":{},"method":"POST","body":{"_overheadLength":545,"_valueLength":212,"_valuesToMeasure":[],"writable":false,"readable":true,"dataSize":0,"maxDataSize":2097152,"pauseStreams":true,"_released":true,"_streams":[],"_currentStream":null,"_insideLoop":false,"_pendingNext":false,"_boundary":"--------------------------992063847564670865741183","_events":{},"_eventsCount":1}}): FetchError: request to https://www.googleapis.com/oauth2/v3/token failed, reason: Client network socket disconnected before secure TLS connection was established
[error] Authentication Error: Your credentials are no longer valid. Please run firebase login --reauth

For CI servers and headless environments, generate a new token with firebase login:ci
[debug] [2025-12-14T18:55:09.076Z] [iam] error while checking permissions, command may fail: Authentication Error: Your credentials are no longer valid. Please run firebase login --reauth

For CI servers and headless environments, generate a new token with firebase login:ci
[debug] [2025-12-14T18:55:09.076Z] Checked if tokens are valid: false, expires at: 1765729364972
[debug] [2025-12-14T18:55:09.077Z] Checked if tokens are valid: false, expires at: 1765729364972
[debug] [2025-12-14T18:55:09.077Z] > refreshing access token with scopes: []
[debug] [2025-12-14T18:55:09.077Z] >>> [apiv2][query] POST https://www.googleapis.com/oauth2/v3/token [none]
[debug] [2025-12-14T18:55:09.077Z] >>> [apiv2][body] POST https://www.googleapis.com/oauth2/v3/token [omitted]
[debug] [2025-12-14T18:55:19.412Z] *** [apiv2] error from fetch(https://www.googleapis.com/oauth2/v3/token, {"headers":{},"method":"POST","body":{"_overheadLength":545,"_valueLength":212,"_valuesToMeasure":[],"writable":false,"readable":true,"dataSize":0,"maxDataSize":2097152,"pauseStreams":true,"_released":true,"_streams":[],"_currentStream":null,"_insideLoop":false,"_pendingNext":false,"_boundary":"--------------------------166462269240664811232071","_events":{},"_eventsCount":1}}): FetchError: request to https://www.googleapis.com/oauth2/v3/token failed, reason: Client network socket disconnected before secure TLS connection was established
[error] Authentication Error: Your credentials are no longer valid. Please run firebase login --reauth

For CI servers and headless environments, generate a new token with firebase login:ci
[debug] [2025-12-14T18:55:19.413Z] Authentication Error: Your credentials are no longer valid. Please run firebase login --reauth

For CI servers and headless environments, generate a new token with firebase login:ci
[error] 
[error] Error: Assertion failed: resolving hosting target of a site with no site name or target name. This should have caused an error earlier
